Arguments: 
  /usr/local/bin/node /usr/local/bin/yarn install

PATH: 
  /Users/austenpayan/.composer/vendor/bin:/Users/austenpayan/bin:/usr/local/bin:/usr/local/bin:/usr/bin:/bin:/usr/sbin:/sbin:/usr/local/go/bin:/Users/austenpayan/.rvm/bin

Yarn version: 
  0.24.6

Node version: 
  6.11.1

Platform: 
  darwin x64

npm manifest: 
  {
    "name": "genesys",
    "version": "2.0.0",
    "description": "Project Genesys",
    "main": "karma.conf.js",
    "dependencies": {
      "aphrodite": "^1.2.3",
      "babel-core": "^6.24.1",
      "babel-loader": "^7.0.0",
      "babel-plugin-syntax-dynamic-import": "^6.18.0",
      "babel-plugin-transform-class-properties": "^6.24.1",
      "babel-plugin-transform-object-rest-spread": "^6.23.0",
      "babel-preset-env": "^1.4.0",
      "babel-preset-es2015": "^6.24.1",
      "babel-preset-react": "^6.24.1",
      "classnames": "^2.2.5",
      "extract-text-webpack-plugin": "^2.1.2",
      "feather-icons": "^3.2.1",
      "file-loader": "^0.11.1",
      "modernizr": "^3.5.0",
      "modernizr-webpack-plugin": "^1.0.5",
      "prop-types": "^15.5.10",
      "react": "^15.5.4",
      "react-dom": "^15.5.4",
      "react-feather": "^1.0.6",
      "react-svg-loader": "^1.1.1",
      "validator": "^7.1.0",
      "webpack": "^2.4.1"
    },
    "devDependencies": {},
    "scripts": {
      "test": "echo \"Error: no test specified\" && exit 1"
    },
    "repository": "git+https://github.com/matthewerlemiller/projectgenesys.git",
    "author": "Austen Payan <austenpayan@gmail.com>",
    "license": "ISC",
    "bugs": {
      "url": "https://github.com/matthewerlemiller/projectgenesys/issues"
    },
    "homepage": "https://github.com/matthewerlemiller/projectgenesys#readme"
  }

yarn manifest: 
  No manifest

Lockfile: 
  No lockfile

Trace: 
  Error: https://registry.yarnpkg.com/constant-case/-/constant-case-1.1.2.tgz: ETIMEDOUT
      at Timeout._onTimeout (/usr/local/Cellar/yarn/0.24.6/libexec/lib/yarn-cli.js:108518:19)
      at ontimeout (timers.js:386:14)
      at tryOnTimeout (timers.js:250:5)
      at Timer.listOnTimeout (timers.js:214:5)
